<?xml version="1.0" encoding="UTF-8"?>
<!-- Generated by org.testng.reporters.JUnitXMLReporter -->
<testsuite hostname="DESKTOP-IJELQFM" ignored="1" name="Default test" tests="9" failures="0" timestamp="12 Nov 2018 15:43:05 GMT" time="22.095" errors="0">
  <testcase name="testLogin" time="1.133" classname="test.java.NewRemoteTest"/>
  <testcase name="testDropDown" time="0.693" classname="test.java.NewRemoteTest"/>
  <testcase name="testRadioButton" time="0.409" classname="test.java.NewRemoteTest"/>
  <testcase name="testWebTables" time="0.523" classname="test.java.NewRemoteTest"/>
  <testcase name="testDynamicWait" time="5.363" classname="test.java.NewRemoteTest"/>
  <testcase name="testAlerts" time="0.373" classname="test.java.NewRemoteTest"/>
  <testcase name="testWindows" time="0.656" classname="test.java.NewRemoteTest"/>
  <testcase name="testWaitForHiddenObject" time="5.379" classname="test.java.NewRemoteTest"/>
  <testcase name="testWaitForTextAttribute" time="5.424" classname="test.java.NewRemoteTest"/>
  <testcase name="testFileUpload" time="0.0" classname="test.java.NewRemoteTest">
    <ignored/>
  </testcase> <!-- testFileUpload -->
</testsuite> <!-- Default test -->
