<?xml version="1.0" encoding="UTF-8"?>
<!-- Generated by org.testng.reporters.JUnitXMLReporter -->
<testsuite hostname="DESKTOP-IJELQFM" ignored="0" name="Default test" tests="10" failures="0" timestamp="17 Sep 2018 12:50:23 GMT" time="23.531" errors="0">
  <testcase name="testLogin" time="1.294" classname="BasicExercisesTestNG.NewTest"/>
  <testcase name="testDropDown" time="0.64" classname="BasicExercisesTestNG.NewTest"/>
  <testcase name="testRadioButton" time="0.461" classname="BasicExercisesTestNG.NewTest"/>
  <testcase name="testWebTables" time="0.427" classname="BasicExercisesTestNG.NewTest"/>
  <testcase name="testDynamicWait" time="5.318" classname="BasicExercisesTestNG.NewTest"/>
  <testcase name="testAlerts" time="0.207" classname="BasicExercisesTestNG.NewTest"/>
  <testcase name="testWindows" time="1.323" classname="BasicExercisesTestNG.NewTest"/>
  <testcase name="testFileUpload" time="0.36" classname="BasicExercisesTestNG.NewTest"/>
  <testcase name="testWaitForHiddenObject" time="5.251" classname="BasicExercisesTestNG.NewTest"/>
  <testcase name="testWaitForTextAttribute" time="5.404" classname="BasicExercisesTestNG.NewTest"/>
</testsuite> <!-- Default test -->
