<?xml version="1.0" encoding="UTF-8"?>
<!-- Generated by org.testng.reporters.JUnitXMLReporter -->
<testsuite hostname="DESKTOP-IJELQFM" ignored="2" name="RemoteTest" tests="18" failures="0" timestamp="13 Nov 2018 20:21:31 GMT" time="35.752" errors="0">
  <testcase name="testLogin" time="1.319" classname="test.java.NewRemoteTest"/>
  <testcase name="testLogin" time="2.955" classname="test.java.NewRemoteFFTest"/>
  <testcase name="testDropDown" time="0.643" classname="test.java.NewRemoteTest"/>
  <testcase name="testDropDown" time="0.744" classname="test.java.NewRemoteFFTest"/>
  <testcase name="testRadioButton" time="0.378" classname="test.java.NewRemoteTest"/>
  <testcase name="testRadioButton" time="0.648" classname="test.java.NewRemoteFFTest"/>
  <testcase name="testWebTables" time="0.446" classname="test.java.NewRemoteFFTest"/>
  <testcase name="testWebTables" time="0.458" classname="test.java.NewRemoteTest"/>
  <testcase name="testDynamicWait" time="5.444" classname="test.java.NewRemoteFFTest"/>
  <testcase name="testDynamicWait" time="5.79" classname="test.java.NewRemoteTest"/>
  <testcase name="testAlerts" time="0.352" classname="test.java.NewRemoteTest"/>
  <testcase name="testAlerts" time="0.417" classname="test.java.NewRemoteFFTest"/>
  <testcase name="testWindows" time="0.619" classname="test.java.NewRemoteTest"/>
  <testcase name="testWindows" time="7.536" classname="test.java.NewRemoteFFTest"/>
  <testcase name="testWaitForHiddenObject" time="5.349" classname="test.java.NewRemoteTest"/>
  <testcase name="testWaitForHiddenObject" time="5.807" classname="test.java.NewRemoteFFTest"/>
  <testcase name="testWaitForTextAttribute" time="5.85" classname="test.java.NewRemoteTest"/>
  <testcase name="testWaitForTextAttribute" time="6.369" classname="test.java.NewRemoteFFTest"/>
  <testcase name="testFileUpload" time="0.0" classname="test.java.NewRemoteFFTest">
    <ignored/>
  </testcase> <!-- testFileUpload -->
  <testcase name="testFileUpload" time="0.0" classname="test.java.NewRemoteTest">
    <ignored/>
  </testcase> <!-- testFileUpload -->
</testsuite> <!-- RemoteTest -->
