<?xml version="1.0" encoding="UTF-8"?>
<!-- Generated by org.testng.reporters.JUnitXMLReporter -->
<testsuite hostname="DESKTOP-IJELQFM" ignored="2" name="RemoteTest" tests="18" failures="0" timestamp="29 Oct 2018 20:54:37 GMT" time="1.039" errors="0">
  <testcase name="@BeforeTest invokeBrowser" time="0.939" classname="BasicExercisesTestNG.NewRemoteTest">
    <failure type="org.openqa.selenium.WebDriverException" message="Error forwarding the new session Empty pool of VM for setup Capabilities {browserName: chrome, platform: LINUX, version: }
Command duration or timeout: 147 milliseconds
Build info: version: &amp;apos;3.14.0&amp;apos;, revision: &amp;apos;aacccce0&amp;apos;, time: &amp;apos;2018-08-02T20:13:22.693Z&amp;apos;
System info: host: &amp;apos;DESKTOP-IJELQFM&amp;apos;, ip: &amp;apos;192.168.56.1&amp;apos;, os.name: &amp;apos;Windows 10&amp;apos;, os.arch: &amp;apos;amd64&amp;apos;, os.version: &amp;apos;10.0&amp;apos;, java.version: &amp;apos;1.8.0_181&amp;apos;
Driver info: driver.version: RemoteWebDriver">
      <![CDATA[org.openqa.selenium.WebDriverException: Error forwarding the new session Empty pool of VM for setup Capabilities {browserName: chrome, platform: LINUX, version: }
Command duration or timeout: 147 milliseconds
Build info: version: '3.14.0', revision: 'aacccce0', time: '2018-08-02T20:13:22.693Z'
System info: host: 'DESKTOP-IJELQFM', ip: '192.168.56.1', os.name: 'Windows 10', os.arch: 'amd64', os.version: '10.0', java.version: '1.8.0_181'
Driver info: driver.version: RemoteWebDriver
at org.openqa.selenium.remote.ErrorHandler.createThrowable(ErrorHandler.java:214)
at org.openqa.selenium.remote.ErrorHandler.throwIfResponseFailed(ErrorHandler.java:166)
at org.openqa.selenium.remote.JsonWireProtocolResponse.lambda$new$0(JsonWireProtocolResponse.java:53)
at org.openqa.selenium.remote.JsonWireProtocolResponse.lambda$getResponseFunction$2(JsonWireProtocolResponse.java:91)
at org.openqa.selenium.remote.ProtocolHandshake.lambda$createSession$0(ProtocolHandshake.java:122)
at java.util.stream.ReferencePipeline$3$1.accept(Unknown Source)
at java.util.Spliterators$ArraySpliterator.tryAdvance(Unknown Source)
at java.util.stream.ReferencePipeline.forEachWithCancel(Unknown Source)
at java.util.stream.AbstractPipeline.copyIntoWithCancel(Unknown Source)
at java.util.stream.AbstractPipeline.copyInto(Unknown Source)
at java.util.stream.AbstractPipeline.wrapAndCopyInto(Unknown Source)
at java.util.stream.FindOps$FindOp.evaluateSequential(Unknown Source)
at java.util.stream.AbstractPipeline.evaluate(Unknown Source)
at java.util.stream.ReferencePipeline.findFirst(Unknown Source)
at org.openqa.selenium.remote.ProtocolHandshake.createSession(ProtocolHandshake.java:125)
at org.openqa.selenium.remote.ProtocolHandshake.createSession(ProtocolHandshake.java:73)
at org.openqa.selenium.remote.HttpCommandExecutor.execute(HttpCommandExecutor.java:136)
at org.openqa.selenium.remote.RemoteWebDriver.execute(RemoteWebDriver.java:548)
at org.openqa.selenium.remote.RemoteWebDriver.startSession(RemoteWebDriver.java:212)
at org.openqa.selenium.remote.RemoteWebDriver.<init>(RemoteWebDriver.java:130)
at org.openqa.selenium.remote.RemoteWebDriver.<init>(RemoteWebDriver.java:143)
at BasicExercisesTestNG.NewRemoteTest.invokeBrowser(NewRemoteTest.java:33)
Caused by: org.openqa.grid.common.exception.GridException: Error forwarding the new session Empty pool of VM for setup Capabilities {browserName: chrome, platform: LINUX, version: }
at org.openqa.grid.web.servlet.handler.RequestHandler.process(RequestHandler.java:118)
at org.openqa.grid.web.servlet.DriverServlet.process(DriverServlet.java:85)
at org.openqa.grid.web.servlet.DriverServlet.doPost(DriverServlet.java:69)
at javax.servlet.http.HttpServlet.service(HttpServlet.java:707)
at javax.servlet.http.HttpServlet.service(HttpServlet.java:790)
at org.seleniumhq.jetty9.servlet.ServletHolder.handle(ServletHolder.java:860)
at org.seleniumhq.jetty9.servlet.ServletHandler.doHandle(ServletHandler.java:535)
at org.seleniumhq.jetty9.server.handler.ScopedHandler.handle(ScopedHandler.java:143)
at org.seleniumhq.jetty9.security.SecurityHandler.handle(SecurityHandler.java:548)
at org.seleniumhq.jetty9.server.handler.HandlerWrapper.handle(HandlerWrapper.java:132)
at org.seleniumhq.jetty9.server.handler.ScopedHandler.nextHandle(ScopedHandler.java:190)
at org.seleniumhq.jetty9.server.session.SessionHandler.doHandle(SessionHandler.java:1595)
at org.seleniumhq.jetty9.server.handler.ScopedHandler.nextHandle(ScopedHandler.java:188)
at org.seleniumhq.jetty9.server.handler.ContextHandler.doHandle(ContextHandler.java:1253)
at org.seleniumhq.jetty9.server.handler.ScopedHandler.nextScope(ScopedHandler.java:168)
at org.seleniumhq.jetty9.servlet.ServletHandler.doScope(ServletHandler.java:473)
at org.seleniumhq.jetty9.server.session.SessionHandler.doScope(SessionHandler.java:1564)
at org.seleniumhq.jetty9.server.handler.ScopedHandler.nextScope(ScopedHandler.java:166)
at org.seleniumhq.jetty9.server.handler.ContextHandler.doScope(ContextHandler.java:1155)
at org.seleniumhq.jetty9.server.handler.ScopedHandler.handle(ScopedHandler.java:141)
at org.seleniumhq.jetty9.server.handler.HandlerWrapper.handle(HandlerWrapper.java:132)
at org.seleniumhq.jetty9.server.Server.handle(Server.java:530)
at org.seleniumhq.jetty9.server.HttpChannel.handle(HttpChannel.java:347)
at org.seleniumhq.jetty9.server.HttpConnection.onFillable(HttpConnection.java:256)
at org.seleniumhq.jetty9.io.AbstractConnection$ReadCallback.succeeded(AbstractConnection.java:279)
at org.seleniumhq.jetty9.io.FillInterest.fillable(FillInterest.java:102)
at org.seleniumhq.jetty9.io.ChannelEndPoint$2.run(ChannelEndPoint.java:124)
at org.seleniumhq.jetty9.util.thread.strategy.EatWhatYouKill.doProduce(EatWhatYouKill.java:247)
at org.seleniumhq.jetty9.util.thread.strategy.EatWhatYouKill.produce(EatWhatYouKill.java:140)
at org.seleniumhq.jetty9.util.thread.strategy.EatWhatYouKill.run(EatWhatYouKill.java:131)
at org.seleniumhq.jetty9.util.thread.ReservedThreadExecutor$ReservedThread.run(ReservedThreadExecutor.java:382)
at org.seleniumhq.jetty9.util.thread.QueuedThreadPool.runJob(QueuedThreadPool.java:708)
at org.seleniumhq.jetty9.util.thread.QueuedThreadPool$2.run(QueuedThreadPool.java:626)
at java.lang.Thread.run(Thread.java:748)
... Removed 28 stack frames]]>
    </failure>
  </testcase> <!-- @BeforeTest invokeBrowser -->
  <testcase name="@BeforeTest invokeBrowser" time="0.0" classname="BasicExercisesTestNG.NewRemoteTestFF">
    <skipped/>
  </testcase> <!-- @BeforeTest invokeBrowser -->
  <testcase name="testLogin" time="0.0" classname="BasicExercisesTestNG.NewRemoteTest">
    <skipped/>
  </testcase> <!-- testLogin -->
  <testcase name="testLogin" time="0.0" classname="BasicExercisesTestNG.NewRemoteTestFF">
    <skipped/>
  </testcase> <!-- testLogin -->
  <testcase name="testDropDown" time="0.0" classname="BasicExercisesTestNG.NewRemoteTest">
    <skipped/>
  </testcase> <!-- testDropDown -->
  <testcase name="testDropDown" time="0.0" classname="BasicExercisesTestNG.NewRemoteTestFF">
    <skipped/>
  </testcase> <!-- testDropDown -->
  <testcase name="testRadioButton" time="0.0" classname="BasicExercisesTestNG.NewRemoteTest">
    <skipped/>
  </testcase> <!-- testRadioButton -->
  <testcase name="testRadioButton" time="0.0" classname="BasicExercisesTestNG.NewRemoteTestFF">
    <skipped/>
  </testcase> <!-- testRadioButton -->
  <testcase name="testWebTables" time="0.0" classname="BasicExercisesTestNG.NewRemoteTest">
    <skipped/>
  </testcase> <!-- testWebTables -->
  <testcase name="testWebTables" time="0.0" classname="BasicExercisesTestNG.NewRemoteTestFF">
    <skipped/>
  </testcase> <!-- testWebTables -->
  <testcase name="testDynamicWait" time="0.0" classname="BasicExercisesTestNG.NewRemoteTest">
    <skipped/>
  </testcase> <!-- testDynamicWait -->
  <testcase name="testDynamicWait" time="0.0" classname="BasicExercisesTestNG.NewRemoteTestFF">
    <skipped/>
  </testcase> <!-- testDynamicWait -->
  <testcase name="testAlerts" time="0.0" classname="BasicExercisesTestNG.NewRemoteTest">
    <skipped/>
  </testcase> <!-- testAlerts -->
  <testcase name="testAlerts" time="0.0" classname="BasicExercisesTestNG.NewRemoteTestFF">
    <skipped/>
  </testcase> <!-- testAlerts -->
  <testcase name="testWindows" time="0.0" classname="BasicExercisesTestNG.NewRemoteTest">
    <skipped/>
  </testcase> <!-- testWindows -->
  <testcase name="testWindows" time="0.0" classname="BasicExercisesTestNG.NewRemoteTestFF">
    <skipped/>
  </testcase> <!-- testWindows -->
  <testcase name="testWaitForHiddenObject" time="0.0" classname="BasicExercisesTestNG.NewRemoteTest">
    <skipped/>
  </testcase> <!-- testWaitForHiddenObject -->
  <testcase name="testWaitForHiddenObject" time="0.0" classname="BasicExercisesTestNG.NewRemoteTestFF">
    <skipped/>
  </testcase> <!-- testWaitForHiddenObject -->
  <testcase name="testWaitForTextAttribute" time="0.0" classname="BasicExercisesTestNG.NewRemoteTest">
    <skipped/>
  </testcase> <!-- testWaitForTextAttribute -->
  <testcase name="testWaitForTextAttribute" time="0.0" classname="BasicExercisesTestNG.NewRemoteTestFF">
    <skipped/>
  </testcase> <!-- testWaitForTextAttribute -->
  <testcase name="testFileUpload" time="0.0" classname="BasicExercisesTestNG.NewRemoteTestFF">
    <ignored/>
  </testcase> <!-- testFileUpload -->
  <testcase name="testFileUpload" time="0.0" classname="BasicExercisesTestNG.NewRemoteTest">
    <ignored/>
  </testcase> <!-- testFileUpload -->
</testsuite> <!-- RemoteTest -->
