<?xml version="1.0" encoding="UTF-8"?>
<!-- Generated by org.testng.reporters.JUnitXMLReporter -->
<testsuite hostname="DESKTOP-IJELQFM" ignored="2" name="TestChrome" tests="2" failures="0" timestamp="26 Oct 2018 20:25:51 GMT" time="16.118" errors="0">
  <testcase name="testLogin" time="3.143" classname="BasicExercisesTestNG.NewRemoteTestFF"/>
  <testcase name="testLogin" time="1.092" classname="BasicExercisesTestNG.NewRemoteTest"/>
  <testcase name="testFileUpload" time="0.0" classname="BasicExercisesTestNG.NewRemoteTestFF">
    <ignored/>
  </testcase> <!-- testFileUpload -->
  <testcase name="testFileUpload" time="0.0" classname="BasicExercisesTestNG.NewRemoteTest">
    <ignored/>
  </testcase> <!-- testFileUpload -->
</testsuite> <!-- TestChrome -->
